0 info it worked if it ends with ok
1 verbose cli [ '/usr/bin/node', '/usr/bin/npm', 'version', 'major' ]
2 info using npm@1.4.28
3 info using node@v0.10.33
4 verbose node symlink /usr/bin/node
5 error Error: Git working directory not clean.
5 error M package.json
5 error     at /usr/lib/node_modules/npm/lib/version.js:91:33
5 error     at ChildProcess.exithandler (child_process.js:646:7)
5 error     at ChildProcess.emit (events.js:98:17)
5 error     at maybeClose (child_process.js:756:16)
5 error     at Socket.<anonymous> (child_process.js:969:11)
5 error     at Socket.emit (events.js:95:17)
5 error     at Pipe.close (net.js:465:12)
6 error If you need help, you may report this *entire* log,
6 error including the npm and node versions, at:
6 error     <http://github.com/npm/npm/issues>
7 error System Linux 3.16.0-29-generic
8 error command "/usr/bin/node" "/usr/bin/npm" "version" "major"
9 error cwd /home/faradey/react-formula-beautifier
10 error node -v v0.10.33
11 error npm -v 1.4.28
12 verbose exit [ 1, true ]
